<?xml version="1.0" encoding="UTF-8"?>
<!-- Generated by org.testng.reporters.JUnitReportReporter -->
<testsuite hostname="Abdulraheem" failures="0" tests="2" name="MyTestcases.MyTestCasess" time="12.271" errors="0" timestamp="2024-03-27T17:51:46 EET" skipped="1">
  <testcase classname="MyTestcases.MyTestCasess" name="pressonAllNumbersOnlyNumbers" time="12.271"/>
  <system-out/>
  <testcase classname="MyTestcases.MyTestCasess" name="myTest">
    <skipped/>
  </testcase> <!-- myTest -->
  <system-out/>
</testsuite> <!-- MyTestcases.MyTestCasess -->
